[INFO ][2017-05-18 11:09:07,709][AbstractApplicationContext:513] Refreshing org.springframework.context.support.ClassPathXmlApplicationContext@72282e3b: startup date [Thu May 18 11:09:07 CST 2017]; root of context hierarchy
[INFO ][2017-05-18 11:09:07,752][XmlBeanDefinitionReader:316] Loading XML bean definitions from class path resource [spring/spring-context-service.xml]
[INFO ][2017-05-18 11:09:07,983][XmlBeanDefinitionReader:316] Loading XML bean definitions from class path resource [spring/spring-mybatis.xml]
[INFO ][2017-05-18 11:09:08,022][XmlBeanDefinitionReader:316] Loading XML bean definitions from class path resource [spring/spring-activemq.xml]
[INFO ][2017-05-18 11:09:08,180][PropertiesLoaderSupport:172] Loading properties file from class path resource [mq_config.properties]
[INFO ][2017-05-18 11:09:08,181][PropertiesLoaderSupport:172] Loading properties file from class path resource [jdbc.properties]
[ERROR][2017-05-18 11:09:08,437][DruidDataSource:862] testWhileIdle is true, validationQuery not set
[INFO ][2017-05-18 11:09:08,446][DruidDataSource:722] {dataSource-1} inited
[INFO ][2017-05-26 09:29:00,169][AbstractApplicationContext:513] Refreshing org.springframework.context.support.ClassPathXmlApplicationContext@6c4e760b: startup date [Fri May 26 09:29:00 CST 2017]; root of context hierarchy
[INFO ][2017-05-26 09:29:00,209][XmlBeanDefinitionReader:316] Loading XML bean definitions from class path resource [spring/spring-context-service.xml]
[INFO ][2017-05-26 09:29:00,451][XmlBeanDefinitionReader:316] Loading XML bean definitions from class path resource [spring/spring-mybatis.xml]
[INFO ][2017-05-26 09:29:00,487][XmlBeanDefinitionReader:316] Loading XML bean definitions from class path resource [spring/spring-activemq.xml]
[INFO ][2017-05-26 09:29:00,653][PropertiesLoaderSupport:172] Loading properties file from class path resource [mq_config.properties]
[INFO ][2017-05-26 09:29:00,653][PropertiesLoaderSupport:172] Loading properties file from class path resource [jdbc.properties]
[ERROR][2017-05-26 09:29:00,955][DruidDataSource:862] testWhileIdle is true, validationQuery not set
[INFO ][2017-05-26 09:29:00,964][DruidDataSource:722] {dataSource-1} inited
[INFO ][2017-05-26 09:53:32,744][AbstractApplicationContext:513] Refreshing org.springframework.context.support.ClassPathXmlApplicationContext@132803ba: startup date [Fri May 26 09:53:32 CST 2017]; root of context hierarchy
[INFO ][2017-05-26 09:53:32,785][XmlBeanDefinitionReader:316] Loading XML bean definitions from class path resource [spring/spring-context-service.xml]
[INFO ][2017-05-26 09:53:33,018][XmlBeanDefinitionReader:316] Loading XML bean definitions from class path resource [spring/spring-mybatis.xml]
[INFO ][2017-05-26 09:53:33,060][XmlBeanDefinitionReader:316] Loading XML bean definitions from class path resource [spring/spring-activemq.xml]
[INFO ][2017-05-26 09:53:33,230][PropertiesLoaderSupport:172] Loading properties file from class path resource [mq_config.properties]
[INFO ][2017-05-26 09:53:33,231][PropertiesLoaderSupport:172] Loading properties file from class path resource [jdbc.properties]
[ERROR][2017-05-26 09:53:33,487][DruidDataSource:862] testWhileIdle is true, validationQuery not set
[INFO ][2017-05-26 09:53:33,496][DruidDataSource:722] {dataSource-1} inited
[INFO ][2017-05-26 10:00:46,289][AbstractApplicationContext:513] Refreshing org.springframework.context.support.ClassPathXmlApplicationContext@5984b649: startup date [Fri May 26 10:00:46 CST 2017]; root of context hierarchy
[INFO ][2017-05-26 10:00:46,330][XmlBeanDefinitionReader:316] Loading XML bean definitions from class path resource [spring/spring-context-service.xml]
[INFO ][2017-05-26 10:00:46,562][XmlBeanDefinitionReader:316] Loading XML bean definitions from class path resource [spring/spring-mybatis.xml]
[INFO ][2017-05-26 10:00:46,602][XmlBeanDefinitionReader:316] Loading XML bean definitions from class path resource [spring/spring-activemq.xml]
[INFO ][2017-05-26 10:00:46,760][PropertiesLoaderSupport:172] Loading properties file from class path resource [mq_config.properties]
[INFO ][2017-05-26 10:00:46,760][PropertiesLoaderSupport:172] Loading properties file from class path resource [jdbc.properties]
[ERROR][2017-05-26 10:00:47,016][DruidDataSource:862] testWhileIdle is true, validationQuery not set
[INFO ][2017-05-26 10:00:47,026][DruidDataSource:722] {dataSource-1} inited
[INFO ][2017-05-26 10:01:47,451][AbstractApplicationContext:513] Refreshing org.springframework.context.support.ClassPathXmlApplicationContext@6c4e760b: startup date [Fri May 26 10:01:47 CST 2017]; root of context hierarchy
[INFO ][2017-05-26 10:01:47,490][XmlBeanDefinitionReader:316] Loading XML bean definitions from class path resource [spring/spring-context-service.xml]
[INFO ][2017-05-26 10:01:47,710][XmlBeanDefinitionReader:316] Loading XML bean definitions from class path resource [spring/spring-mybatis.xml]
[INFO ][2017-05-26 10:01:47,752][XmlBeanDefinitionReader:316] Loading XML bean definitions from class path resource [spring/spring-activemq.xml]
[INFO ][2017-05-26 10:01:47,911][PropertiesLoaderSupport:172] Loading properties file from class path resource [mq_config.properties]
[INFO ][2017-05-26 10:01:47,912][PropertiesLoaderSupport:172] Loading properties file from class path resource [jdbc.properties]
[ERROR][2017-05-26 10:01:48,164][DruidDataSource:862] testWhileIdle is true, validationQuery not set
[INFO ][2017-05-26 10:01:48,172][DruidDataSource:722] {dataSource-1} inited
[INFO ][2017-05-26 10:03:46,250][AbstractApplicationContext:513] Refreshing org.springframework.context.support.ClassPathXmlApplicationContext@2bf35e0a: startup date [Fri May 26 10:03:46 CST 2017]; root of context hierarchy
[INFO ][2017-05-26 10:03:46,289][XmlBeanDefinitionReader:316] Loading XML bean definitions from class path resource [spring/spring-context-service.xml]
[INFO ][2017-05-26 10:03:46,518][XmlBeanDefinitionReader:316] Loading XML bean definitions from class path resource [spring/spring-mybatis.xml]
[INFO ][2017-05-26 10:03:46,556][XmlBeanDefinitionReader:316] Loading XML bean definitions from class path resource [spring/spring-activemq.xml]
[INFO ][2017-05-26 10:03:46,720][PropertiesLoaderSupport:172] Loading properties file from class path resource [mq_config.properties]
[INFO ][2017-05-26 10:03:46,720][PropertiesLoaderSupport:172] Loading properties file from class path resource [jdbc.properties]
[ERROR][2017-05-26 10:03:46,981][DruidDataSource:862] testWhileIdle is true, validationQuery not set
[INFO ][2017-05-26 10:03:46,992][DruidDataSource:722] {dataSource-1} inited
[INFO ][2017-05-26 10:12:06,352][AbstractApplicationContext:513] Refreshing org.springframework.context.support.ClassPathXmlApplicationContext@22f4bf02: startup date [Fri May 26 10:12:06 CST 2017]; root of context hierarchy
[INFO ][2017-05-26 10:12:06,394][XmlBeanDefinitionReader:316] Loading XML bean definitions from class path resource [spring/spring-context-service.xml]
[INFO ][2017-05-26 10:12:06,629][XmlBeanDefinitionReader:316] Loading XML bean definitions from class path resource [spring/spring-mybatis.xml]
[INFO ][2017-05-26 10:12:06,663][XmlBeanDefinitionReader:316] Loading XML bean definitions from class path resource [spring/spring-activemq.xml]
[INFO ][2017-05-26 10:12:06,825][PropertiesLoaderSupport:172] Loading properties file from class path resource [mq_config.properties]
[INFO ][2017-05-26 10:12:06,825][PropertiesLoaderSupport:172] Loading properties file from class path resource [jdbc.properties]
[ERROR][2017-05-26 10:12:07,083][DruidDataSource:862] testWhileIdle is true, validationQuery not set
[INFO ][2017-05-26 10:12:07,095][DruidDataSource:722] {dataSource-1} inited
[INFO ][2017-05-26 10:13:50,718][AbstractApplicationContext:513] Refreshing org.springframework.context.support.ClassPathXmlApplicationContext@132803ba: startup date [Fri May 26 10:13:50 CST 2017]; root of context hierarchy
[INFO ][2017-05-26 10:13:50,759][XmlBeanDefinitionReader:316] Loading XML bean definitions from class path resource [spring/spring-context-service.xml]
[INFO ][2017-05-26 10:13:50,980][XmlBeanDefinitionReader:316] Loading XML bean definitions from class path resource [spring/spring-mybatis.xml]
[INFO ][2017-05-26 10:13:51,023][XmlBeanDefinitionReader:316] Loading XML bean definitions from class path resource [spring/spring-activemq.xml]
[INFO ][2017-05-26 10:13:51,182][PropertiesLoaderSupport:172] Loading properties file from class path resource [mq_config.properties]
[INFO ][2017-05-26 10:13:51,183][PropertiesLoaderSupport:172] Loading properties file from class path resource [jdbc.properties]
[ERROR][2017-05-26 10:13:51,439][DruidDataSource:862] testWhileIdle is true, validationQuery not set
[INFO ][2017-05-26 10:13:51,448][DruidDataSource:722] {dataSource-1} inited
[INFO ][2017-05-26 10:21:39,363][AbstractApplicationContext:513] Refreshing org.springframework.context.support.ClassPathXmlApplicationContext@6c4e760b: startup date [Fri May 26 10:21:39 CST 2017]; root of context hierarchy
[INFO ][2017-05-26 10:21:39,405][XmlBeanDefinitionReader:316] Loading XML bean definitions from class path resource [spring/spring-context-service.xml]
[INFO ][2017-05-26 10:21:39,622][XmlBeanDefinitionReader:316] Loading XML bean definitions from class path resource [spring/spring-mybatis.xml]
[INFO ][2017-05-26 10:21:39,660][XmlBeanDefinitionReader:316] Loading XML bean definitions from class path resource [spring/spring-activemq.xml]
[INFO ][2017-05-26 10:21:39,818][PropertiesLoaderSupport:172] Loading properties file from class path resource [mq_config.properties]
[INFO ][2017-05-26 10:21:39,818][PropertiesLoaderSupport:172] Loading properties file from class path resource [jdbc.properties]
[ERROR][2017-05-26 10:21:40,066][DruidDataSource:862] testWhileIdle is true, validationQuery not set
[INFO ][2017-05-26 10:21:40,076][DruidDataSource:722] {dataSource-1} inited
[INFO ][2017-05-26 10:28:44,749][AbstractApplicationContext:513] Refreshing org.springframework.context.support.ClassPathXmlApplicationContext@54088e9b: startup date [Fri May 26 10:28:44 CST 2017]; root of context hierarchy
[INFO ][2017-05-26 10:28:44,791][XmlBeanDefinitionReader:316] Loading XML bean definitions from class path resource [spring/spring-context-service.xml]
[INFO ][2017-05-26 10:28:45,022][XmlBeanDefinitionReader:316] Loading XML bean definitions from class path resource [spring/spring-mybatis.xml]
[INFO ][2017-05-26 10:28:45,063][XmlBeanDefinitionReader:316] Loading XML bean definitions from class path resource [spring/spring-activemq.xml]
[INFO ][2017-05-26 10:28:45,221][PropertiesLoaderSupport:172] Loading properties file from class path resource [mq_config.properties]
[INFO ][2017-05-26 10:28:45,221][PropertiesLoaderSupport:172] Loading properties file from class path resource [jdbc.properties]
[ERROR][2017-05-26 10:28:45,479][DruidDataSource:862] testWhileIdle is true, validationQuery not set
[INFO ][2017-05-26 10:28:45,488][DruidDataSource:722] {dataSource-1} inited
[INFO ][2017-05-26 11:48:45,148][AbstractApplicationContext:513] Refreshing org.springframework.context.support.ClassPathXmlApplicationContext@7e7f0b4e: startup date [Fri May 26 11:48:45 CST 2017]; root of context hierarchy
[INFO ][2017-05-26 11:48:45,187][XmlBeanDefinitionReader:316] Loading XML bean definitions from class path resource [spring/spring-context-service.xml]
[INFO ][2017-05-26 11:48:45,403][XmlBeanDefinitionReader:316] Loading XML bean definitions from class path resource [spring/spring-mybatis.xml]
[INFO ][2017-05-26 11:48:45,435][XmlBeanDefinitionReader:316] Loading XML bean definitions from class path resource [spring/spring-activemq.xml]
[INFO ][2017-05-26 11:48:45,591][PropertiesLoaderSupport:172] Loading properties file from class path resource [mq_config.properties]
[INFO ][2017-05-26 11:48:45,591][PropertiesLoaderSupport:172] Loading properties file from class path resource [jdbc.properties]
[ERROR][2017-05-26 11:48:45,818][DruidDataSource:862] testWhileIdle is true, validationQuery not set
[INFO ][2017-05-26 11:48:45,835][DruidDataSource:722] {dataSource-1} inited
[INFO ][2017-05-26 14:13:21,433][AbstractApplicationContext:513] Refreshing org.springframework.context.support.ClassPathXmlApplicationContext@428dcfef: startup date [Fri May 26 14:13:21 CST 2017]; root of context hierarchy
[INFO ][2017-05-26 14:13:21,482][XmlBeanDefinitionReader:316] Loading XML bean definitions from class path resource [spring/spring-context-service.xml]
[INFO ][2017-05-26 14:13:21,718][XmlBeanDefinitionReader:316] Loading XML bean definitions from class path resource [spring/spring-mybatis.xml]
[INFO ][2017-05-26 14:13:21,754][XmlBeanDefinitionReader:316] Loading XML bean definitions from class path resource [spring/spring-activemq.xml]
[INFO ][2017-05-26 14:13:21,926][PropertiesLoaderSupport:172] Loading properties file from class path resource [mq_config.properties]
[INFO ][2017-05-26 14:13:21,927][PropertiesLoaderSupport:172] Loading properties file from class path resource [jdbc.properties]
[ERROR][2017-05-26 14:13:22,197][DruidDataSource:862] testWhileIdle is true, validationQuery not set
[INFO ][2017-05-26 14:13:22,207][DruidDataSource:722] {dataSource-1} inited
